This is pdfTeX, Version 3.14159265-2.6-1.40.16 (MiKTeX 2.9) (preloaded format=pdflatex 2015.9.24)  7 APR 2016 11:12
entering extended mode
**latex_185_moulds_g.tex
(latex_185_moulds_g.tex
LaTeX2e <2015/01/01> patch level 2
Babel <3.9m> and hyphenation patterns for 69 languages loaded.
(IEEEtran.cls
Document Class: IEEEtran 2015/08/26 V1.8b by Michael Shell
-- See the "IEEEtran_HOWTO" manual for usage information.
-- http://www.michaelshell.org/tex/ieeetran/
\@IEEEtrantmpdimenA=\dimen102
\@IEEEtrantmpdimenB=\dimen103
\@IEEEtrantmpdimenC=\dimen104
\@IEEEtrantmpcountA=\count79
\@IEEEtrantmpcountB=\count80
\@IEEEtrantmpcountC=\count81
\@IEEEtrantmptoksA=\toks14
LaTeX Font Info:    Try loading font information for OT1+ppl on input line 503.

("C:\Program Files (x86)\MiKTeX 2.9\tex\latex\psnfss\ot1ppl.fd"
File: ot1ppl.fd 2001/06/04 font definitions for OT1/ppl.
)
-- Using IEEE Computer Society mode.
-- Using 8.5in x 11in (letter) paper.
-- Using PDF output.
\@IEEEnormalsizeunitybaselineskip=\dimen105
-- This is a 12 point document.
\CLASSINFOnormalsizebaselineskip=\dimen106
\CLASSINFOnormalsizeunitybaselineskip=\dimen107
\IEEEnormaljot=\dimen108
LaTeX Font Info:    Font shape `OT1/ppl/bx/n' in size <6.02249> not available
(Font)              Font shape `OT1/ppl/b/n' tried instead on input line 1090.
LaTeX Font Info:    Font shape `OT1/ppl/bx/it' in size <6.02249> not available
(Font)              Font shape `OT1/ppl/b/it' tried instead on input line 1090.

LaTeX Font Info:    Font shape `OT1/ppl/bx/n' in size <8.03> not available
(Font)              Font shape `OT1/ppl/b/n' tried instead on input line 1090.
LaTeX Font Info:    Font shape `OT1/ppl/bx/it' in size <8.03> not available
(Font)              Font shape `OT1/ppl/b/it' tried instead on input line 1090.

LaTeX Font Info:    Font shape `OT1/ppl/bx/n' in size <9.03374> not available
(Font)              Font shape `OT1/ppl/b/n' tried instead on input line 1090.
LaTeX Font Info:    Font shape `OT1/ppl/bx/it' in size <9.03374> not available
(Font)              Font shape `OT1/ppl/b/it' tried instead on input line 1090.

LaTeX Font Info:    Font shape `OT1/ppl/bx/n' in size <10.03749> not available
(Font)              Font shape `OT1/ppl/b/n' tried instead on input line 1090.
LaTeX Font Info:    Font shape `OT1/ppl/bx/it' in size <10.03749> not available

(Font)              Font shape `OT1/ppl/b/it' tried instead on input line 1090.

LaTeX Font Info:    Font shape `OT1/ppl/bx/n' in size <12.045> not available
(Font)              Font shape `OT1/ppl/b/n' tried instead on input line 1090.
LaTeX Font Info:    Font shape `OT1/ppl/bx/it' in size <12.045> not available
(Font)              Font shape `OT1/ppl/b/it' tried instead on input line 1090.

LaTeX Font Info:    Font shape `OT1/ppl/bx/n' in size <14.05249> not available
(Font)              Font shape `OT1/ppl/b/n' tried instead on input line 1090.
LaTeX Font Info:    Font shape `OT1/ppl/bx/it' in size <14.05249> not available

(Font)              Font shape `OT1/ppl/b/it' tried instead on input line 1090.

LaTeX Font Info:    Font shape `OT1/ppl/bx/n' in size <20.075> not available
(Font)              Font shape `OT1/ppl/b/n' tried instead on input line 1090.
LaTeX Font Info:    Font shape `OT1/ppl/bx/it' in size <20.075> not available
(Font)              Font shape `OT1/ppl/b/it' tried instead on input line 1090.

LaTeX Font Info:    Font shape `OT1/ppl/bx/n' in size <22.08249> not available
(Font)              Font shape `OT1/ppl/b/n' tried instead on input line 1090.
LaTeX Font Info:    Font shape `OT1/ppl/bx/it' in size <22.08249> not available

(Font)              Font shape `OT1/ppl/b/it' tried instead on input line 1090.

LaTeX Font Info:    Font shape `OT1/ppl/bx/n' in size <24.09> not available
(Font)              Font shape `OT1/ppl/b/n' tried instead on input line 1090.
LaTeX Font Info:    Font shape `OT1/ppl/bx/it' in size <24.09> not available
(Font)              Font shape `OT1/ppl/b/it' tried instead on input line 1090.

\IEEEquantizedlength=\dimen109
\IEEEquantizedlengthdiff=\dimen110
\IEEEquantizedtextheightdiff=\dimen111
\IEEEilabelindentA=\dimen112
\IEEEilabelindentB=\dimen113
\IEEEilabelindent=\dimen114
\IEEEelabelindent=\dimen115
\IEEEdlabelindent=\dimen116
\IEEElabelindent=\dimen117
\IEEEiednormlabelsep=\dimen118
\IEEEiedmathlabelsep=\dimen119
\IEEEiedtopsep=\skip41
\c@section=\count82
\c@subsection=\count83
\c@subsubsection=\count84
\c@paragraph=\count85
\c@IEEEsubequation=\count86
\abovecaptionskip=\skip42
\belowcaptionskip=\skip43
\c@figure=\count87
\c@table=\count88
\@IEEEeqnnumcols=\count89
\@IEEEeqncolcnt=\count90
\@IEEEsubeqnnumrollback=\count91
\@IEEEquantizeheightA=\dimen120
\@IEEEquantizeheightB=\dimen121
\@IEEEquantizeheightC=\dimen122
\@IEEEquantizeprevdepth=\dimen123
\@IEEEquantizemultiple=\count92
\@IEEEquantizeboxA=\box26
\@IEEEtmpitemindent=\dimen124
\IEEEPARstartletwidth=\dimen125
\c@IEEEbiography=\count93
\@IEEEtranrubishbin=\box27
) ("C:\Program Files (x86)\MiKTeX 2.9\tex\latex\graphics\graphicx.sty"
Package: graphicx 2014/10/28 v1.0g Enhanced LaTeX Graphics (DPC,SPQR)

("C:\Program Files (x86)\MiKTeX 2.9\tex\latex\graphics\keyval.sty"
Package: keyval 2014/10/28 v1.15 key=value parser (DPC)
\KV@toks@=\toks15
)
("C:\Program Files (x86)\MiKTeX 2.9\tex\latex\graphics\graphics.sty"
Package: graphics 2014/10/28 v1.0p Standard LaTeX Graphics (DPC,SPQR)

("C:\Program Files (x86)\MiKTeX 2.9\tex\latex\graphics\trig.sty"
Package: trig 1999/03/16 v1.09 sin cos tan (DPC)
)
("C:\Program Files (x86)\MiKTeX 2.9\tex\latex\00miktex\graphics.cfg"
File: graphics.cfg 2007/01/18 v1.5 graphics configuration of teTeX/TeXLive
)
Package graphics Info: Driver file: pdftex.def on input line 94.

("C:\Program Files (x86)\MiKTeX 2.9\tex\latex\pdftex-def\pdftex.def"
File: pdftex.def 2011/05/27 v0.06d Graphics/color for pdfTeX

("C:\Program Files (x86)\MiKTeX 2.9\tex\generic\oberdiek\infwarerr.sty"
Package: infwarerr 2010/04/08 v1.3 Providing info/warning/error messages (HO)
)
("C:\Program Files (x86)\MiKTeX 2.9\tex\generic\oberdiek\ltxcmds.sty"
Package: ltxcmds 2011/11/09 v1.22 LaTeX kernel commands for general use (HO)
)
\Gread@gobject=\count94
))
\Gin@req@height=\dimen126
\Gin@req@width=\dimen127
)
(latex_185_moulds_g.aux)
LaTeX Font Info:    Checking defaults for OML/cmm/m/it on input line 42.
LaTeX Font Info:    ... okay on input line 42.
LaTeX Font Info:    Checking defaults for T1/cmr/m/n on input line 42.
LaTeX Font Info:    ... okay on input line 42.
LaTeX Font Info:    Checking defaults for OT1/cmr/m/n on input line 42.
LaTeX Font Info:    ... okay on input line 42.
LaTeX Font Info:    Checking defaults for OMS/cmsy/m/n on input line 42.
LaTeX Font Info:    ... okay on input line 42.
LaTeX Font Info:    Checking defaults for OMX/cmex/m/n on input line 42.
LaTeX Font Info:    ... okay on input line 42.
LaTeX Font Info:    Checking defaults for U/cmr/m/n on input line 42.
LaTeX Font Info:    ... okay on input line 42.

-- Lines per column: 49 (exact).
("C:\Program Files (x86)\MiKTeX 2.9\tex\context\base\supp-pdf.mkii"
[Loading MPS to PDF converter (version 2006.09.02).]
\scratchcounter=\count95
\scratchdimen=\dimen128
\scratchbox=\box28
\nofMPsegments=\count96
\nofMParguments=\count97
\everyMPshowfont=\toks16
\MPscratchCnt=\count98
\MPscratchDim=\dimen129
\MPnumerator=\count99
\makeMPintoPDFobject=\count100
\everyMPtoPDFconversion=\toks17
)
** ATTENTION: \IEEEcompsoctitleabstractindextext is deprecated (line 86). Use \
IEEEtitleabstractindextext instead.
LaTeX Font Info:    Try loading font information for OT1+phv on input line 104.

("C:\Program Files (x86)\MiKTeX 2.9\tex\latex\psnfss\ot1phv.fd"
File: ot1phv.fd 2001/06/04 scalable font definitions for OT1/phv.
)
LaTeX Font Info:    Font shape `OT1/phv/bx/n' in size <9.03374> not available
(Font)              Font shape `OT1/phv/b/n' tried instead on input line 104.
LaTeX Font Info:    Calculating math sizes for size <9.03374> on input line 104
.
LaTeX Font Info:    External font `cmex10' loaded for size
(Font)              <9.03374> on input line 104.
LaTeX Font Info:    External font `cmex10' loaded for size
(Font)              <6.32358> on input line 104.
LaTeX Font Info:    External font `cmex10' loaded for size
(Font)              <4.51686> on input line 104.
LaTeX Font Info:    Calculating math sizes for size <14.05249> on input line 10
4.
LaTeX Font Info:    External font `cmex10' loaded for size
(Font)              <14.05249> on input line 104.
LaTeX Font Info:    External font `cmex10' loaded for size
(Font)              <9.83669> on input line 104.
LaTeX Font Info:    External font `cmex10' loaded for size
(Font)              <7.02625> on input line 104.
LaTeX Font Info:    Try loading font information for U+pzd on input line 104.

("C:\Program Files (x86)\MiKTeX 2.9\tex\latex\psnfss\upzd.fd"
File: upzd.fd 2001/06/04 font definitions for U/pzd.
)
LaTeX Font Info:    Font shape `OT1/phv/bx/n' in size <14.05249> not available
(Font)              Font shape `OT1/phv/b/n' tried instead on input line 110.
LaTeX Font Info:    Font shape `OT1/phv/bx/sc' in size <14.05249> not available

(Font)              Font shape `OT1/phv/b/sc' tried instead on input line 110.
LaTeX Font Info:    Calculating math sizes for size <12.045> on input line 149.

LaTeX Font Info:    External font `cmex10' loaded for size
(Font)              <12.045> on input line 149.
LaTeX Font Info:    External font `cmex10' loaded for size
(Font)              <8.43146> on input line 149.
LaTeX Font Info:    External font `cmex10' loaded for size
(Font)              <6.02249> on input line 149.
LaTeX Font Info:    Font shape `OT1/phv/bx/n' in size <12.045> not available
(Font)              Font shape `OT1/phv/b/n' tried instead on input line 158.
LaTeX Font Info:    Font shape `OT1/phv/m/it' in size <12.045> not available
(Font)              Font shape `OT1/phv/m/sl' tried instead on input line 166.

<slug.pdf, id=1, 614.295pt x 794.97pt>
File: slug.pdf Graphic file (type pdf)
 <use slug.pdf>
Package pdftex.def Info: slug.pdf used on input line 181.
(pdftex.def)             Requested size: 108.405pt x 140.28633pt.
LaTeX Font Info:    Try loading font information for OT1+pcr on input line 191.


("C:\Program Files (x86)\MiKTeX 2.9\tex\latex\psnfss\ot1pcr.fd"
File: ot1pcr.fd 2001/06/04 font definitions for OT1/pcr.
)
Underfull \hbox (badness 10000) in paragraph at lines 191--192

 []


Underfull \hbox (badness 10000) in paragraph at lines 192--193

 []


Underfull \hbox (badness 10000) in paragraph at lines 193--194

 []

LaTeX Font Info:    Calculating math sizes for size <8.03> on input line 253.
LaTeX Font Info:    External font `cmex10' loaded for size
(Font)              <8.03> on input line 253.
LaTeX Font Info:    External font `cmex10' loaded for size
(Font)              <5.62097> on input line 253.
LaTeX Font Info:    External font `cmex10' loaded for size
(Font)              <4.015> on input line 253.
LaTeX Font Info:    Try loading font information for OMS+phv on input line 253.

("C:\Program Files (x86)\MiKTeX 2.9\tex\latex\psnfss\omsphv.fd"
File: omsphv.fd 
)
LaTeX Font Info:    Font shape `OMS/phv/m/n' in size <8.03> not available
(Font)              Font shape `OMS/cmsy/m/n' tried instead on input line 253.
 [1{C:/Users/Raquel/AppData/Local/MiKTeX/2.9/pdftex/config/pdftex.map}


 <./slug.pdf>]
Underfull \hbox (badness 10000) in paragraph at lines 255--256

 []


Underfull \hbox (badness 10000) in paragraph at lines 255--256

 []

[2

] (latex_185_moulds_g.aux) ) 
Here is how much of TeX's memory you used:
 2160 strings out of 493673
 34963 string characters out of 3141527
 91540 words of memory out of 3000000
 5508 multiletter control sequences out of 15000+200000
 51270 words of font info for 105 fonts, out of 3000000 for 9000
 1025 hyphenation exceptions out of 8191
 34i,9n,31p,397b,336s stack positions out of 5000i,500n,10000p,200000b,50000s
{C:/Program Files (x86)/MiKTeX 2.9/fonts/enc/dvips/
fontname/8r.enc}<C:/Program Files (x86)/MiKTeX 2.9/fonts/type1/public/amsfonts/
cm/cmsy8.pfb><C:/Program Files (x86)/MiKTeX 2.9/fonts/type1/urw/courier/ucrr8a.
pfb><C:/Program Files (x86)/MiKTeX 2.9/fonts/type1/urw/helvetic/uhvb8a.pfb><C:/
Program Files (x86)/MiKTeX 2.9/fonts/type1/urw/helvetic/uhvr8a.pfb><C:/Program 
Files (x86)/MiKTeX 2.9/fonts/type1/urw/helvetic/uhvro8a.pfb><C:/Program Files (
x86)/MiKTeX 2.9/fonts/type1/urw/palatino/uplr8a.pfb><C:/Program Files (x86)/MiK
TeX 2.9/fonts/type1/urw/palatino/uplri8a.pfb><C:/Program Files (x86)/MiKTeX 2.9
/fonts/type1/urw/zapfding/uzdr.pfb>
Output written on latex_185_moulds_g.pdf (2 pages, 144886 bytes).
PDF statistics:
 50 PDF objects out of 1000 (max. 8388607)
 0 named destinations out of 1000 (max. 500000)
 6 words of extra memory for PDF output out of 10000 (max. 10000000)

